[2023-05-25 00:04:40] INFO root fetch - main [MainThread]: Get Changelog since Serial: [18236325]
[2023-05-25 00:04:45] INFO root fetch - main [MainThread]: Found 16 changed packages
[2023-05-25 00:04:45] INFO root fetch - processPackages [ThreadPoolExecutor-0_0]: Start processing: qtwasmserver
[2023-05-25 00:04:45] INFO root fetch - processPackages [ThreadPoolExecutor-0_1]: Start processing: corgy
[2023-05-25 00:04:45] INFO root fetch - processPackages [ThreadPoolExecutor-0_2]: Start processing: epyk
[2023-05-25 00:04:45] INFO root fetch - processPackages [ThreadPoolExecutor-0_3]: Start processing: osmnx
[2023-05-25 00:04:45] INFO root fetch - processPackages [ThreadPoolExecutor-0_4]: Start processing: maisaedu-utilities-prefect
[2023-05-25 00:04:45] INFO root fetch - processPackages [ThreadPoolExecutor-0_5]: Start processing: maisaedu-poormans-dms
[2023-05-25 00:04:45] INFO root fetch - processPackages [ThreadPoolExecutor-0_6]: Start processing: prova-pypi
[2023-05-25 00:04:45] INFO root fetch - processPackages [ThreadPoolExecutor-0_7]: Start processing: sentry-arroyo
[2023-05-25 00:04:45] INFO root fetch - processPackages [ThreadPoolExecutor-0_8]: Start processing: pysnc
[2023-05-25 00:04:45] INFO root fetch - processPackages [ThreadPoolExecutor-0_9]: Start processing: xspf-fixup
[2023-05-25 00:04:45] INFO root fetch - processPackages [sentry-arroyo]: New version: [2.9.1] Old Version: [2.9.0]
[2023-05-25 00:04:45] INFO root fetch - processPackages [corgy]: New version: [9.1.0] Old Version: [9.0.0]
[2023-05-25 00:04:45] INFO root fetch - processPackages [prova-pypi]: New version: [0.0.29] Old Version: [0.0.28]
[2023-05-25 00:04:45] INFO root fetch - processPackages [pysnc]: New version: [1.1.5a1] Old Version: [1.1.5a0]
[2023-05-25 00:04:45] INFO root fetch - processPackages [qtwasmserver]: New version: [0.1.2] Old Version: [0.1.1]
[2023-05-25 00:04:45] WARNING root fetch - processPackages [xspf-fixup]: Skipping, unable to determine old version
[2023-05-25 00:04:45] INFO root fetch - processPackages [maisaedu-poormans-dms]: New version: [1.0.9] Old Version: [1.0.8]
[2023-05-25 00:04:45] INFO root fetch - processPackages [xspf-fixup]: Start processing: wise-pizza
[2023-05-25 00:04:45] INFO root fetch - processPackages [osmnx]: New version: [1.3.1] Old Version: [1.3.0]
[2023-05-25 00:04:45] INFO root fetch - main [MainThread]: End processing [xspf-fixup] error
[2023-05-25 00:04:45] INFO root fetch - processPackages [maisaedu-utilities-prefect]: New version: [1.0.9] Old Version: [1.0.8]
[2023-05-25 00:04:45] INFO root fetch - processPackages [epyk]: New version: [1.9.9] Old Version: [1.9.8]
[2023-05-25 00:04:45] INFO root fetch - processPackages [wise-pizza]: New version: [0.1.4] Old Version: [0.1.3]
[2023-05-25 00:04:45] INFO root fetch - processPackages [sentry-arroyo]: executing diffoscope
[2023-05-25 00:04:45] INFO root fetch - processPackages [sentry-arroyo]: podman run --user 0:0 --rm -w /home/abi/fetcher -v /home/abi/fetcher/tmp:/home/abi/fetcher/tmp:ro -v /home/abi/fetcher/20230525:/home/abi/fetcher/20230525:rw registry.salsa.debian.org/reproducible-builds/diffoscope --no-progress tmp/sentry-arroyo-2.9.0.tar.gz tmp/sentry-arroyo-2.9.1.tar.gz --markdown 20230525/s/sentry-arroyo/2.9.0-2.9.1/diff.md --exclude *.pyd
[2023-05-25 00:04:45] INFO root fetch - processPackages [prova-pypi]: Downloading https://files.pythonhosted.org/packages/9f/73/599276358e893e3e4487b4ae65ff55a13458dee7fe77cc2a805c8b944463/prova_pypi-0.0.28-py3-none-manylinux2014_x86_64.whl
[2023-05-25 00:04:46] INFO root fetch - processPackages [maisaedu-utilities-prefect]: Downloading https://files.pythonhosted.org/packages/27/aa/a84fbe50d4cd0665bd3f2b32671a030342ad0e5347c62cd84baa19cb1e64/maisaedu-utilities-prefect-1.0.8.tar.gz
[2023-05-25 00:04:46] INFO root fetch - processPackages [maisaedu-poormans-dms]: Downloading https://files.pythonhosted.org/packages/51/c8/520652d19cdb586cb001f3e2fd10b49475ec1fcf77f5ebf25ee483d4f069/maisaedu-poormans-dms-1.0.8.tar.gz
[2023-05-25 00:04:46] INFO root fetch - processPackages [osmnx]: Downloading https://files.pythonhosted.org/packages/54/bc/d90b02c0d4b39969c99c0c7245ee18217cd6487cb4977c3bb30fb74d43a3/osmnx-1.3.0.tar.gz
[2023-05-25 00:04:46] INFO root fetch - processPackages [qtwasmserver]: Downloading https://files.pythonhosted.org/packages/fa/f3/6d8e8287e439584513293ef2f7731e11ae8dc1bcbbd29a875541d9c1ef68/qtwasmserver-0.1.2.tar.gz
[2023-05-25 00:04:46] WARNING root fetch - processPackages [prova-pypi]: Skipping package: exceeds size limit 68809183>=10485760
[2023-05-25 00:04:46] INFO root fetch - processPackages [prova-pypi]: Start processing: pref-voting
[2023-05-25 00:04:46] INFO root fetch - main [MainThread]: End processing [prova-pypi] error
[2023-05-25 00:04:46] INFO root fetch - processPackages [pysnc]: Downloading https://files.pythonhosted.org/packages/6e/d3/0e676605ad8448d0adde15d5acfec674bef41c1eaf5bd537b286e9f3b101/pysnc-1.1.5a1.tar.gz
[2023-05-25 00:04:46] INFO root fetch - processPackages [pref-voting]: New version: [0.2.9] Old Version: [0.2.8]
[2023-05-25 00:04:46] INFO root fetch - processPackages [wise-pizza]: Downloading https://files.pythonhosted.org/packages/57/35/740e5ff3bd5ae066baee5855236c11396caa46f6a571635deab0a0c06af0/wise-pizza-0.1.4.tar.gz
[2023-05-25 00:04:46] INFO root fetch - processPackages [maisaedu-utilities-prefect]: Downloading https://files.pythonhosted.org/packages/95/7c/dbd9fa092dadcd28e2e350cd4738749237ca8191a62152c690a10b487d1a/maisaedu-utilities-prefect-1.0.9.tar.gz
[2023-05-25 00:04:46] INFO root fetch - processPackages [pysnc]: executing diffoscope
[2023-05-25 00:04:46] INFO root fetch - processPackages [pysnc]: podman run --user 0:0 --rm -w /home/abi/fetcher -v /home/abi/fetcher/tmp:/home/abi/fetcher/tmp:ro -v /home/abi/fetcher/20230525:/home/abi/fetcher/20230525:rw registry.salsa.debian.org/reproducible-builds/diffoscope --no-progress tmp/pysnc-1.1.5a0.tar.gz tmp/pysnc-1.1.5a1.tar.gz --markdown 20230525/p/pysnc/1.1.5a0-1.1.5a1/diff.md --exclude *.pyd
[2023-05-25 00:04:46] INFO root fetch - processPackages [osmnx]: Downloading https://files.pythonhosted.org/packages/68/35/9429793648744d2cfb4af4f5ff2d94b07293d73cdcb333f7bb35753d6f42/osmnx-1.3.1.tar.gz
[2023-05-25 00:04:46] INFO root fetch - processPackages [epyk]: executing diffoscope
[2023-05-25 00:04:46] INFO root fetch - processPackages [epyk]: podman run --user 0:0 --rm -w /home/abi/fetcher -v /home/abi/fetcher/tmp:/home/abi/fetcher/tmp:ro -v /home/abi/fetcher/20230525:/home/abi/fetcher/20230525:rw registry.salsa.debian.org/reproducible-builds/diffoscope --no-progress tmp/epyk-1.9.8-py3-none-any.whl.zip tmp/epyk-1.9.9-py3-none-any.whl.zip --markdown 20230525/e/epyk/1.9.8-1.9.9/diff.md --exclude *.pyd
[2023-05-25 00:04:46] INFO root fetch - processPackages [corgy]: Downloading https://files.pythonhosted.org/packages/38/3f/b4e322cef00732154c71de1c1bf1d49375d33f6fabd178becbe5629bec42/corgy-9.1.0.tar.gz
[2023-05-25 00:04:46] INFO root fetch - processPackages [pref-voting]: executing diffoscope
[2023-05-25 00:04:46] INFO root fetch - processPackages [pref-voting]: podman run --user 0:0 --rm -w /home/abi/fetcher -v /home/abi/fetcher/tmp:/home/abi/fetcher/tmp:ro -v /home/abi/fetcher/20230525:/home/abi/fetcher/20230525:rw registry.salsa.debian.org/reproducible-builds/diffoscope --no-progress tmp/pref_voting-0.2.8.tar.gz tmp/pref_voting-0.2.9.tar.gz --markdown 20230525/p/pref-voting/0.2.8-0.2.9/diff.md --exclude *.pyd
[2023-05-25 00:04:46] INFO root fetch - processPackages [wise-pizza]: executing diffoscope
[2023-05-25 00:04:46] INFO root fetch - processPackages [wise-pizza]: podman run --user 0:0 --rm -w /home/abi/fetcher -v /home/abi/fetcher/tmp:/home/abi/fetcher/tmp:ro -v /home/abi/fetcher/20230525:/home/abi/fetcher/20230525:rw registry.salsa.debian.org/reproducible-builds/diffoscope --no-progress tmp/wise-pizza-0.1.3.tar.gz tmp/wise-pizza-0.1.4.tar.gz --markdown 20230525/w/wise-pizza/0.1.3-0.1.4/diff.md --exclude *.pyd
[2023-05-25 00:04:46] INFO root fetch - processPackages [qtwasmserver]: executing diffoscope
[2023-05-25 00:04:46] INFO root fetch - processPackages [qtwasmserver]: podman run --user 0:0 --rm -w /home/abi/fetcher -v /home/abi/fetcher/tmp:/home/abi/fetcher/tmp:ro -v /home/abi/fetcher/20230525:/home/abi/fetcher/20230525:rw registry.salsa.debian.org/reproducible-builds/diffoscope --no-progress tmp/qtwasmserver-0.1.1.tar.gz tmp/qtwasmserver-0.1.2.tar.gz --markdown 20230525/q/qtwasmserver/0.1.1-0.1.2/diff.md --exclude *.pyd
[2023-05-25 00:04:46] INFO root fetch - processPackages [maisaedu-poormans-dms]: Downloading https://files.pythonhosted.org/packages/7b/dc/9a6d6cd7622f50c7981e2b4362ed76ba8142b4b75f73867b9b409d609cf0/maisaedu-poormans-dms-1.0.9.tar.gz
[2023-05-25 00:04:46] INFO root fetch - processPackages [maisaedu-utilities-prefect]: executing diffoscope
[2023-05-25 00:04:46] INFO root fetch - processPackages [maisaedu-utilities-prefect]: podman run --user 0:0 --rm -w /home/abi/fetcher -v /home/abi/fetcher/tmp:/home/abi/fetcher/tmp:ro -v /home/abi/fetcher/20230525:/home/abi/fetcher/20230525:rw registry.salsa.debian.org/reproducible-builds/diffoscope --no-progress tmp/maisaedu-utilities-prefect-1.0.8.tar.gz tmp/maisaedu-utilities-prefect-1.0.9.tar.gz --markdown 20230525/m/maisaedu-utilities-prefect/1.0.8-1.0.9/diff.md --exclude *.pyd
[2023-05-25 00:04:46] INFO root fetch - processPackages [osmnx]: executing diffoscope
[2023-05-25 00:04:46] INFO root fetch - processPackages [osmnx]: podman run --user 0:0 --rm -w /home/abi/fetcher -v /home/abi/fetcher/tmp:/home/abi/fetcher/tmp:ro -v /home/abi/fetcher/20230525:/home/abi/fetcher/20230525:rw registry.salsa.debian.org/reproducible-builds/diffoscope --no-progress tmp/osmnx-1.3.0.tar.gz tmp/osmnx-1.3.1.tar.gz --markdown 20230525/o/osmnx/1.3.0-1.3.1/diff.md --exclude *.pyd
[2023-05-25 00:04:46] INFO root fetch - processPackages [corgy]: executing diffoscope
[2023-05-25 00:04:46] INFO root fetch - processPackages [corgy]: podman run --user 0:0 --rm -w /home/abi/fetcher -v /home/abi/fetcher/tmp:/home/abi/fetcher/tmp:ro -v /home/abi/fetcher/20230525:/home/abi/fetcher/20230525:rw registry.salsa.debian.org/reproducible-builds/diffoscope --no-progress tmp/corgy-9.0.0.tar.gz tmp/corgy-9.1.0.tar.gz --markdown 20230525/c/corgy/9.0.0-9.1.0/diff.md --exclude *.pyd
[2023-05-25 00:04:46] INFO root fetch - processPackages [maisaedu-poormans-dms]: executing diffoscope
[2023-05-25 00:04:46] INFO root fetch - processPackages [maisaedu-poormans-dms]: podman run --user 0:0 --rm -w /home/abi/fetcher -v /home/abi/fetcher/tmp:/home/abi/fetcher/tmp:ro -v /home/abi/fetcher/20230525:/home/abi/fetcher/20230525:rw registry.salsa.debian.org/reproducible-builds/diffoscope --no-progress tmp/maisaedu-poormans-dms-1.0.8.tar.gz tmp/maisaedu-poormans-dms-1.0.9.tar.gz --markdown 20230525/m/maisaedu-poormans-dms/1.0.8-1.0.9/diff.md --exclude *.pyd
[2023-05-25 00:04:47] INFO root fetch - processPackages [qtwasmserver]: Start processing: django-autoutils
[2023-05-25 00:04:47] INFO root fetch - main [MainThread]: End processing [qtwasmserver]: success
[2023-05-25 00:04:47] INFO root fetch - processPackages [django-autoutils]: New version: [1.3.2] Old Version: [1.3.1]
[2023-05-25 00:04:47] INFO root fetch - processPackages [pref-voting]: Start processing: bfit
[2023-05-25 00:04:47] INFO root fetch - main [MainThread]: End processing [pref-voting]: success
[2023-05-25 00:04:47] INFO root fetch - processPackages [bfit]: New version: [4.9.9] Old Version: [4.9.8]
[2023-05-25 00:04:48] INFO root fetch - processPackages [pysnc]: Start processing: surv-ai
[2023-05-25 00:04:48] INFO root fetch - main [MainThread]: End processing [pysnc]: success
[2023-05-25 00:04:48] INFO root fetch - processPackages [surv-ai]: New version: [0.1.9] Old Version: [0.1.8]
[2023-05-25 00:04:48] INFO root fetch - processPackages [django-autoutils]: Downloading https://files.pythonhosted.org/packages/b0/0e/916253d4859ea70beca35af34944324ab9f0a5c7038729648527e181d529/django_autoutils-1.3.1.tar.gz
[2023-05-25 00:04:48] INFO root fetch - processPackages [maisaedu-poormans-dms]: Start processing: django-autoutils
[2023-05-25 00:04:48] INFO root fetch - main [MainThread]: End processing [maisaedu-poormans-dms]: success
[2023-05-25 00:04:48] INFO root fetch - processPackages [django-autoutils]: New version: [1.3.2] Old Version: [1.3.1]
[2023-05-25 00:04:48] INFO root fetch - processPackages [bfit]: Downloading https://files.pythonhosted.org/packages/28/fa/be4377b286d14520f996f636070104943b2a833cae10aca92a4bcd350a2e/bfit-4.9.8.tar.gz
[2023-05-25 00:04:48] INFO root fetch - processPackages [django-autoutils]: Downloading https://files.pythonhosted.org/packages/b0/0e/916253d4859ea70beca35af34944324ab9f0a5c7038729648527e181d529/django_autoutils-1.3.1.tar.gz
[2023-05-25 00:04:48] INFO root fetch - main [MainThread]: End processing [wise-pizza]: success
[2023-05-25 00:04:48] INFO root fetch - processPackages [django-autoutils]: Downloading https://files.pythonhosted.org/packages/0a/8e/59e532613e4717c99fadaa183b1e9ea4eebd6f3b55e45304e6866a77173a/django_autoutils-1.3.2.tar.gz
[2023-05-25 00:04:48] INFO root fetch - processPackages [django-autoutils]: Downloading https://files.pythonhosted.org/packages/0a/8e/59e532613e4717c99fadaa183b1e9ea4eebd6f3b55e45304e6866a77173a/django_autoutils-1.3.2.tar.gz
[2023-05-25 00:04:48] INFO root fetch - processPackages [surv-ai]: Downloading https://files.pythonhosted.org/packages/4a/d0/b38be80e0ebaa51262f5a2443c48b56db3860e978a20f7d2a6c393bff1a1/surv_ai-0.1.9.tar.gz
[2023-05-25 00:04:48] INFO root fetch - main [MainThread]: End processing [maisaedu-utilities-prefect]: success
[2023-05-25 00:04:48] INFO root fetch - processPackages [bfit]: Downloading https://files.pythonhosted.org/packages/2f/be/615fe6c9c9273e7b1f7eab5f07f9ffc26d3d3cb0d1bac4a37ada061fc310/bfit-4.9.9.tar.gz
[2023-05-25 00:04:48] INFO root fetch - processPackages [django-autoutils]: executing diffoscope
[2023-05-25 00:04:48] INFO root fetch - processPackages [django-autoutils]: podman run --user 0:0 --rm -w /home/abi/fetcher -v /home/abi/fetcher/tmp:/home/abi/fetcher/tmp:ro -v /home/abi/fetcher/20230525:/home/abi/fetcher/20230525:rw registry.salsa.debian.org/reproducible-builds/diffoscope --no-progress tmp/django_autoutils-1.3.1.tar.gz tmp/django_autoutils-1.3.2.tar.gz --markdown 20230525/d/django-autoutils/1.3.1-1.3.2/diff.md --exclude *.pyd
[2023-05-25 00:04:48] INFO root fetch - main [MainThread]: End processing [osmnx]: success
[2023-05-25 00:04:48] INFO root fetch - processPackages [bfit]: executing diffoscope
[2023-05-25 00:04:48] INFO root fetch - processPackages [django-autoutils]: executing diffoscope
[2023-05-25 00:04:48] INFO root fetch - processPackages [bfit]: podman run --user 0:0 --rm -w /home/abi/fetcher -v /home/abi/fetcher/tmp:/home/abi/fetcher/tmp:ro -v /home/abi/fetcher/20230525:/home/abi/fetcher/20230525:rw registry.salsa.debian.org/reproducible-builds/diffoscope --no-progress tmp/bfit-4.9.8.tar.gz tmp/bfit-4.9.9.tar.gz --markdown 20230525/b/bfit/4.9.8-4.9.9/diff.md --exclude *.pyd
[2023-05-25 00:04:48] INFO root fetch - processPackages [django-autoutils]: podman run --user 0:0 --rm -w /home/abi/fetcher -v /home/abi/fetcher/tmp:/home/abi/fetcher/tmp:ro -v /home/abi/fetcher/20230525:/home/abi/fetcher/20230525:rw registry.salsa.debian.org/reproducible-builds/diffoscope --no-progress tmp/django_autoutils-1.3.1.tar.gz tmp/django_autoutils-1.3.2.tar.gz --markdown 20230525/d/django-autoutils/1.3.1-1.3.2/diff.md --exclude *.pyd
[2023-05-25 00:04:48] INFO root fetch - processPackages [surv-ai]: executing diffoscope
[2023-05-25 00:04:48] INFO root fetch - processPackages [surv-ai]: podman run --user 0:0 --rm -w /home/abi/fetcher -v /home/abi/fetcher/tmp:/home/abi/fetcher/tmp:ro -v /home/abi/fetcher/20230525:/home/abi/fetcher/20230525:rw registry.salsa.debian.org/reproducible-builds/diffoscope --no-progress tmp/surv_ai-0.1.8.tar.gz tmp/surv_ai-0.1.9.tar.gz --markdown 20230525/s/surv-ai/0.1.8-0.1.9/diff.md --exclude *.pyd
[2023-05-25 00:04:48] INFO root fetch - main [MainThread]: End processing [sentry-arroyo]: success
[2023-05-25 00:04:49] INFO root fetch - main [MainThread]: End processing [django-autoutils]: success
[2023-05-25 00:04:49] INFO root fetch - main [MainThread]: End processing [surv-ai]: success
[2023-05-25 00:04:49] INFO root fetch - main [MainThread]: End processing [django-autoutils]: success
[2023-05-25 00:04:50] INFO root fetch - main [MainThread]: End processing [bfit]: success
[2023-05-25 00:04:50] INFO root fetch - main [MainThread]: End processing [corgy]: success
[2023-05-25 00:04:54] INFO root fetch - main [MainThread]: End processing [epyk]: success
[2023-05-25 00:04:54] INFO root fetch - main [MainThread]: Store serial: [18236369]
